<?xml version="1.0" encoding="UTF-8"?>
<!-- Generated by org.testng.reporters.JUnitReportReporter -->
<testsuite hostname="BCV-DT-028" failures="0" tests="4" name="com.erp.qa.testcases.LoginPageTest" time="10.363" errors="0" timestamp="2022-11-18T12:17:45 IST" skipped="0">
  <testcase classname="com.erp.qa.testcases.LoginPageTest" name="validateloginPageTitleTest" time="2.365"/>
  <system-out/>
  <testcase classname="com.erp.qa.testcases.LoginPageTest" name="validatelogupimgTest" time="2.759"/>
  <system-out/>
  <testcase classname="com.erp.qa.testcases.LoginPageTest" name="validatebuttonTest" time="2.431"/>
  <system-out/>
  <testcase classname="com.erp.qa.testcases.LoginPageTest" name="loginTest" time="2.808"/>
  <system-out/>
</testsuite> <!-- com.erp.qa.testcases.LoginPageTest -->
