<?xml version="1.0" encoding="UTF-8"?>
<!-- Generated by org.testng.reporters.JUnitReportReporter -->
<testsuite hostname="BCV-DT-028" failures="0" tests="1" name="com.erp.qa.testcases.PurchaseIndentPageTest" time="59.193" errors="0" timestamp="2022-11-17T17:29:54 IST" skipped="0">
  <testcase classname="com.erp.qa.testcases.PurchaseIndentPageTest" name="addindentTest" time="59.193"/>
  <system-out/>
</testsuite> <!-- com.erp.qa.testcases.PurchaseIndentPageTest -->
