<?xml version="1.0" encoding="UTF-8"?>
<!-- Generated by org.testng.reporters.JUnitReportReporter -->
<testsuite hostname="BCV-DT-028" failures="0" tests="4" name="com.erp.qa.testcases.LoginPageTest" time="18.290" errors="0" timestamp="2022-11-15T15:53:22 IST" skipped="0">
  <testcase classname="com.erp.qa.testcases.LoginPageTest" name="validateloginPageTitleTest" time="7.386"/>
  <system-out/>
  <testcase classname="com.erp.qa.testcases.LoginPageTest" name="validatelogupimgTest" time="3.004"/>
  <system-out/>
  <testcase classname="com.erp.qa.testcases.LoginPageTest" name="validatebuttonTest" time="3.776"/>
  <system-out/>
  <testcase classname="com.erp.qa.testcases.LoginPageTest" name="loginTest" time="4.124"/>
  <system-out/>
</testsuite> <!-- com.erp.qa.testcases.LoginPageTest -->
