<?xml version="1.0" encoding="UTF-8"?>
<!-- Generated by org.testng.reporters.JUnitReportReporter -->
<testsuite hostname="BCV-DT-028" failures="0" tests="1" name="com.erp.qa.testcases.DasbordPageTest" time="15.678" errors="0" timestamp="2022-11-16T11:39:04 IST" skipped="0">
  <testcase classname="com.erp.qa.testcases.DasbordPageTest" name="clickpurchaseindentTest" time="15.678"/>
  <system-out/>
</testsuite> <!-- com.erp.qa.testcases.DasbordPageTest -->
