<?xml version="1.0" encoding="UTF-8"?>
<!-- Generated by org.testng.reporters.JUnitReportReporter -->
<testsuite hostname="BCV-DT-028" failures="0" tests="3" name="com.erp.qa.testcases.DasbordPageTest" time="15.212" errors="0" timestamp="2022-11-18T12:17:45 IST" skipped="0">
  <testcase classname="com.erp.qa.testcases.DasbordPageTest" name="validatedashbordPageTitleTest" time="2.562"/>
  <system-out/>
  <testcase classname="com.erp.qa.testcases.DasbordPageTest" name="validatelogoTest" time="4.905"/>
  <system-out/>
  <testcase classname="com.erp.qa.testcases.DasbordPageTest" name="clickpurchaseindentTest" time="7.745"/>
  <system-out/>
</testsuite> <!-- com.erp.qa.testcases.DasbordPageTest -->
